<?xml version="1.0" encoding="UTF-8"?>
<testsuite xmlns:xsi="http://www.w3.org/2001/XMLSchema-instance" xsi:noNamespaceSchemaLocation="https://maven.apache.org/surefire/maven-surefire-plugin/xsd/surefire-test-report-3.0.xsd" version="3.0" name="Negative Login Test" time="18.77" tests="4" errors="0" skipped="0" failures="0">
  <properties>
[...]
</properties>
  <testcase name="Negative test #1" classname="Negative Login Test" time="6.547"/>
  <testcase name="Negative test #2" classname="Negative Login Test" time="4.283"/>
  <testcase name="Negative test #3" classname="Negative Login Test" time="4.218"/>
  <testcase name="Negative test #4" classname="Negative Login Test" time="3.722"/>
</testsuite>